\BOOKMARK [1][-]{section*.2}{Week 1: Getting Started with Images}{}% 1
\BOOKMARK [2][-]{section*.3}{Introduction}{section*.2}% 2
\BOOKMARK [2][-]{section*.4}{How is An Image Formed}{section*.2}% 3
\BOOKMARK [2][-]{section*.6}{Image Formation}{section*.2}% 4
\BOOKMARK [2][-]{section*.8}{Bayer Pattern}{section*.2}% 5
\BOOKMARK [2][-]{section*.10}{Image Format}{section*.2}% 6
\BOOKMARK [3][-]{section*.11}{Image Storage}{section*.10}% 7
\BOOKMARK [2][-]{section*.12}{Image in OpenCV}{section*.2}% 8
\BOOKMARK [3][-]{section*.13}{Mat Class}{section*.12}% 9
\BOOKMARK [1][-]{section*.14}{Week 1: Reading/Writing/Modifying Images in OpenCV}{}% 10
\BOOKMARK [2][-]{section*.15}{Image Formats}{section*.14}% 11
\BOOKMARK [3][-]{section*.17}{JPEG}{section*.15}% 12
\BOOKMARK [3][-]{section*.18}{PNG}{section*.15}% 13
\BOOKMARK [3][-]{section*.19}{Transparent Images}{section*.15}% 14
\BOOKMARK [2][-]{section*.21}{Reading The Image \(Week One: Getting Started With Images\)}{section*.14}% 15
\BOOKMARK [3][-]{section*.22}{Function Syntax: cv2.imread}{section*.21}% 16
\BOOKMARK [2][-]{section*.23}{Manipulating Pixels \(Week One: Getting Started With Images\)}{section*.14}% 17
\BOOKMARK [3][-]{section*.24}{Accessing Values}{section*.23}% 18
\BOOKMARK [3][-]{section*.25}{Modifying Values}{section*.23}% 19
\BOOKMARK [2][-]{section*.26}{Manipulating Groups of Pixels \(Week One: Getting Started With Images\)}{section*.14}% 20
\BOOKMARK [3][-]{section*.27}{How To Access A Region}{section*.26}% 21
\BOOKMARK [2][-]{section*.28}{Displaying An Image}{section*.14}% 22
\BOOKMARK [3][-]{section*.29}{Function Syntax: plt.imshow\(\) vs cv2.imshow\(\)}{section*.28}% 23
\BOOKMARK [2][-]{section*.30}{Addition Display Utility Functions \(OpenCV\)}{section*.14}% 24
\BOOKMARK [3][-]{section*.31}{cv2.namedWindow}{section*.30}% 25
\BOOKMARK [3][-]{section*.32}{cv2.waitKey}{section*.30}% 26
\BOOKMARK [3][-]{section*.33}{cv2.destroyWindow}{section*.30}% 27
\BOOKMARK [3][-]{section*.34}{cv2.destroyAllWindows}{section*.30}% 28
\BOOKMARK [2][-]{section*.35}{Saving an Image}{section*.14}% 29
\BOOKMARK [3][-]{section*.36}{Syntax}{section*.35}% 30
\BOOKMARK [2][-]{section*.37}{Color Images}{section*.14}% 31
\BOOKMARK [3][-]{section*.38}{Image Channels}{section*.37}% 32
\BOOKMARK [3][-]{section*.39}{Accessing Individual Channels}{section*.37}% 33
\BOOKMARK [2][-]{section*.40}{Images the Alpha \(fourth\) Channel}{section*.14}% 34
\BOOKMARK [3][-]{section*.41}{Example: }{section*.40}% 35
\BOOKMARK [1][-]{section*.43}{Basic Image Operations}{}% 36
\BOOKMARK [2][-]{section*.44}{Creating New Images}{section*.43}% 37
\BOOKMARK [3][-]{section*.45}{Create a copy of an image}{section*.44}% 38
\BOOKMARK [3][-]{section*.46}{Creating an Empty Image}{section*.44}% 39
\BOOKMARK [3][-]{section*.47}{Creating an empty matrix that is the same size as the original}{section*.44}% 40
\BOOKMARK [3][-]{section*.48}{Cropping an Image}{section*.44}% 41
\BOOKMARK [3][-]{section*.49}{Copying/Pasting a part of an image}{section*.44}% 42
\BOOKMARK [3][-]{section*.50}{Resizing an Image}{section*.44}% 43
\BOOKMARK [3][-]{section*.51}{Resizing an Image Continued}{section*.44}% 44
\BOOKMARK [3][-]{section*.54}{Creating an Image Mask}{section*.44}% 45
\BOOKMARK [1][-]{section*.56}{Matheatical Operations On Images}{}% 46
